<?xml version="1.0" encoding="UTF-8"?>
<!-- Generated by org.testng.reporters.JUnitReportReporter -->
<testsuite hostname="DESKTOP-13MT9PT" name="test.com.GoogleSearch" tests="1" failures="0" timestamp="24 Nov 2019 22:44:22 GMT" time="10.771" errors="0">
  <testcase name="testSearch" time="10.771" classname="test.com.GoogleSearch"/>
</testsuite> <!-- test.com.GoogleSearch -->
